<?xml version="1.0" encoding="UTF-8"?>
<testsuites tests="21" failures="3" disabled="0" errors="0" timestamp="2016-03-25T13:19:44" time="1.628" name="AllTests">
  <testsuite name="L2ProlongationLocalizableOperatorTest/0" tests="3" failures="0" disabled="0" errors="0" time="0.107">
    <testcase name="constructible_by_ctor" type_param="Dune::GDT::Spaces::RT::PdelabBased&lt;Dune::GridView&lt;Dune::DefaultLevelGridViewTraits&lt;Dune::SGrid&lt;2, 2, double&gt; const, (Dune::PartitionIteratorType)4&gt; &gt;, 0, double, 2ul, 1ul&gt;" status="run" time="0.044" classname="L2ProlongationLocalizableOperatorTest/0" />
    <testcase name="constructible_by_factory" type_param="Dune::GDT::Spaces::RT::PdelabBased&lt;Dune::GridView&lt;Dune::DefaultLevelGridViewTraits&lt;Dune::SGrid&lt;2, 2, double&gt; const, (Dune::PartitionIteratorType)4&gt; &gt;, 0, double, 2ul, 1ul&gt;" status="run" time="0.043" classname="L2ProlongationLocalizableOperatorTest/0" />
    <testcase name="produces_correct_results" type_param="Dune::GDT::Spaces::RT::PdelabBased&lt;Dune::GridView&lt;Dune::DefaultLevelGridViewTraits&lt;Dune::SGrid&lt;2, 2, double&gt; const, (Dune::PartitionIteratorType)4&gt; &gt;, 0, double, 2ul, 1ul&gt;" status="run" time="0.02" classname="L2ProlongationLocalizableOperatorTest/0" />
  </testsuite>
  <testsuite name="L2ProlongationLocalizableOperatorTest/1" tests="3" failures="0" disabled="0" errors="0" time="0.446">
    <testcase name="constructible_by_ctor" type_param="Dune::GDT::Spaces::RT::PdelabBased&lt;Dune::GridView&lt;Dune::DefaultLevelGridViewTraits&lt;Dune::SGrid&lt;3, 3, double&gt; const, (Dune::PartitionIteratorType)4&gt; &gt;, 0, double, 3ul, 1ul&gt;" status="run" time="0.04" classname="L2ProlongationLocalizableOperatorTest/1" />
    <testcase name="constructible_by_factory" type_param="Dune::GDT::Spaces::RT::PdelabBased&lt;Dune::GridView&lt;Dune::DefaultLevelGridViewTraits&lt;Dune::SGrid&lt;3, 3, double&gt; const, (Dune::PartitionIteratorType)4&gt; &gt;, 0, double, 3ul, 1ul&gt;" status="run" time="0.209" classname="L2ProlongationLocalizableOperatorTest/1" />
    <testcase name="produces_correct_results" type_param="Dune::GDT::Spaces::RT::PdelabBased&lt;Dune::GridView&lt;Dune::DefaultLevelGridViewTraits&lt;Dune::SGrid&lt;3, 3, double&gt; const, (Dune::PartitionIteratorType)4&gt; &gt;, 0, double, 3ul, 1ul&gt;" status="run" time="0.197" classname="L2ProlongationLocalizableOperatorTest/1" />
  </testsuite>
  <testsuite name="L2ProlongationLocalizableOperatorTest/2" tests="3" failures="0" disabled="0" errors="0" time="0.072">
    <testcase name="constructible_by_ctor" type_param="Dune::GDT::Spaces::RT::PdelabBased&lt;Dune::GridView&lt;Dune::DefaultLevelGridViewTraits&lt;Dune::YaspGrid&lt;2&gt; const, (Dune::PartitionIteratorType)4&gt; &gt;, 0, double, 2ul, 1ul&gt;" status="run" time="0.021" classname="L2ProlongationLocalizableOperatorTest/2" />
    <testcase name="constructible_by_factory" type_param="Dune::GDT::Spaces::RT::PdelabBased&lt;Dune::GridView&lt;Dune::DefaultLevelGridViewTraits&lt;Dune::YaspGrid&lt;2&gt; const, (Dune::PartitionIteratorType)4&gt; &gt;, 0, double, 2ul, 1ul&gt;" status="run" time="0.031" classname="L2ProlongationLocalizableOperatorTest/2" />
    <testcase name="produces_correct_results" type_param="Dune::GDT::Spaces::RT::PdelabBased&lt;Dune::GridView&lt;Dune::DefaultLevelGridViewTraits&lt;Dune::YaspGrid&lt;2&gt; const, (Dune::PartitionIteratorType)4&gt; &gt;, 0, double, 2ul, 1ul&gt;" status="run" time="0.02" classname="L2ProlongationLocalizableOperatorTest/2" />
  </testsuite>
  <testsuite name="L2ProlongationLocalizableOperatorTest/3" tests="3" failures="0" disabled="0" errors="0" time="0.394">
    <testcase name="constructible_by_ctor" type_param="Dune::GDT::Spaces::RT::PdelabBased&lt;Dune::GridView&lt;Dune::DefaultLevelGridViewTraits&lt;Dune::YaspGrid&lt;3&gt; const, (Dune::PartitionIteratorType)4&gt; &gt;, 0, double, 3ul, 1ul&gt;" status="run" time="0.047" classname="L2ProlongationLocalizableOperatorTest/3" />
    <testcase name="constructible_by_factory" type_param="Dune::GDT::Spaces::RT::PdelabBased&lt;Dune::GridView&lt;Dune::DefaultLevelGridViewTraits&lt;Dune::YaspGrid&lt;3&gt; const, (Dune::PartitionIteratorType)4&gt; &gt;, 0, double, 3ul, 1ul&gt;" status="run" time="0.156" classname="L2ProlongationLocalizableOperatorTest/3" />
    <testcase name="produces_correct_results" type_param="Dune::GDT::Spaces::RT::PdelabBased&lt;Dune::GridView&lt;Dune::DefaultLevelGridViewTraits&lt;Dune::YaspGrid&lt;3&gt; const, (Dune::PartitionIteratorType)4&gt; &gt;, 0, double, 3ul, 1ul&gt;" status="run" time="0.191" classname="L2ProlongationLocalizableOperatorTest/3" />
  </testsuite>
  <testsuite name="L2ProlongationLocalizableOperatorTest/4" tests="3" failures="3" disabled="0" errors="0" time="0.094">
    <testcase name="constructible_by_ctor" type_param="Dune::GDT::Spaces::RT::PdelabBased&lt;Dune::GridView&lt;Dune::DefaultLevelGridViewTraits&lt;Dune::ALUGrid&lt;2, 2, (Dune::ALUGridElementType)0, (Dune::ALUGridRefinementType)0, Dune::No_Comm&gt; const, (Dune::PartitionIteratorType)4&gt; &gt;, 0, double, 2ul, 1ul&gt;" status="run" time="0.075" classname="L2ProlongationLocalizableOperatorTest/4">
      <failure message="unknown file&#x0A;Unknown C++ exception thrown in the test body." type=""><![CDATA[unknown file
Unknown C++ exception thrown in the test body.]]></failure>
    </testcase>
    <testcase name="constructible_by_factory" type_param="Dune::GDT::Spaces::RT::PdelabBased&lt;Dune::GridView&lt;Dune::DefaultLevelGridViewTraits&lt;Dune::ALUGrid&lt;2, 2, (Dune::ALUGridElementType)0, (Dune::ALUGridRefinementType)0, Dune::No_Comm&gt; const, (Dune::PartitionIteratorType)4&gt; &gt;, 0, double, 2ul, 1ul&gt;" status="run" time="0.012" classname="L2ProlongationLocalizableOperatorTest/4">
      <failure message="unknown file&#x0A;Unknown C++ exception thrown in the test body." type=""><![CDATA[unknown file
Unknown C++ exception thrown in the test body.]]></failure>
    </testcase>
    <testcase name="produces_correct_results" type_param="Dune::GDT::Spaces::RT::PdelabBased&lt;Dune::GridView&lt;Dune::DefaultLevelGridViewTraits&lt;Dune::ALUGrid&lt;2, 2, (Dune::ALUGridElementType)0, (Dune::ALUGridRefinementType)0, Dune::No_Comm&gt; const, (Dune::PartitionIteratorType)4&gt; &gt;, 0, double, 2ul, 1ul&gt;" status="run" time="0.007" classname="L2ProlongationLocalizableOperatorTest/4">
      <failure message="unknown file&#x0A;Unknown C++ exception thrown in the test body." type=""><![CDATA[unknown file
Unknown C++ exception thrown in the test body.]]></failure>
    </testcase>
  </testsuite>
  <testsuite name="L2ProlongationLocalizableOperatorTest/5" tests="3" failures="0" disabled="0" errors="0" time="0.084">
    <testcase name="constructible_by_ctor" type_param="Dune::GDT::Spaces::RT::PdelabBased&lt;Dune::GridView&lt;Dune::DefaultLevelGridViewTraits&lt;Dune::ALUGrid&lt;2, 2, (Dune::ALUGridElementType)1, (Dune::ALUGridRefinementType)1, Dune::No_Comm&gt; const, (Dune::PartitionIteratorType)4&gt; &gt;, 0, double, 2ul, 1ul&gt;" status="run" time="0.03" classname="L2ProlongationLocalizableOperatorTest/5" />
    <testcase name="constructible_by_factory" type_param="Dune::GDT::Spaces::RT::PdelabBased&lt;Dune::GridView&lt;Dune::DefaultLevelGridViewTraits&lt;Dune::ALUGrid&lt;2, 2, (Dune::ALUGridElementType)1, (Dune::ALUGridRefinementType)1, Dune::No_Comm&gt; const, (Dune::PartitionIteratorType)4&gt; &gt;, 0, double, 2ul, 1ul&gt;" status="run" time="0.034" classname="L2ProlongationLocalizableOperatorTest/5" />
    <testcase name="produces_correct_results" type_param="Dune::GDT::Spaces::RT::PdelabBased&lt;Dune::GridView&lt;Dune::DefaultLevelGridViewTraits&lt;Dune::ALUGrid&lt;2, 2, (Dune::ALUGridElementType)1, (Dune::ALUGridRefinementType)1, Dune::No_Comm&gt; const, (Dune::PartitionIteratorType)4&gt; &gt;, 0, double, 2ul, 1ul&gt;" status="run" time="0.02" classname="L2ProlongationLocalizableOperatorTest/5" />
  </testsuite>
  <testsuite name="L2ProlongationLocalizableOperatorTest/6" tests="3" failures="0" disabled="0" errors="0" time="0.431">
    <testcase name="constructible_by_ctor" type_param="Dune::GDT::Spaces::RT::PdelabBased&lt;Dune::GridView&lt;Dune::DefaultLevelGridViewTraits&lt;Dune::ALUGrid&lt;3, 3, (Dune::ALUGridElementType)1, (Dune::ALUGridRefinementType)1, Dune::No_Comm&gt; const, (Dune::PartitionIteratorType)4&gt; &gt;, 0, double, 3ul, 1ul&gt;" status="run" time="0.046" classname="L2ProlongationLocalizableOperatorTest/6" />
    <testcase name="constructible_by_factory" type_param="Dune::GDT::Spaces::RT::PdelabBased&lt;Dune::GridView&lt;Dune::DefaultLevelGridViewTraits&lt;Dune::ALUGrid&lt;3, 3, (Dune::ALUGridElementType)1, (Dune::ALUGridRefinementType)1, Dune::No_Comm&gt; const, (Dune::PartitionIteratorType)4&gt; &gt;, 0, double, 3ul, 1ul&gt;" status="run" time="0.168" classname="L2ProlongationLocalizableOperatorTest/6" />
    <testcase name="produces_correct_results" type_param="Dune::GDT::Spaces::RT::PdelabBased&lt;Dune::GridView&lt;Dune::DefaultLevelGridViewTraits&lt;Dune::ALUGrid&lt;3, 3, (Dune::ALUGridElementType)1, (Dune::ALUGridRefinementType)1, Dune::No_Comm&gt; const, (Dune::PartitionIteratorType)4&gt; &gt;, 0, double, 3ul, 1ul&gt;" status="run" time="0.217" classname="L2ProlongationLocalizableOperatorTest/6" />
  </testsuite>
</testsuites>
