<?xml version="1.0" encoding="UTF-8"?>
<testsuites tests="2" failures="2" disabled="0" errors="0" timestamp="2018-05-03T07:44:46" time="137.525" name="AllTests">
  <testsuite name="hyperbolic_FV_discretization_godunov_order1_euler/0" tests="1" failures="1" disabled="0" errors="0" time="136.085">
    <testcase name="eoc_study_using_yaspgrid" type_param="Dune::GDT::Hyperbolic::SourceBeamTestCase&lt;Dune::YaspGrid&lt;1, Dune::EquidistantOffsetCoordinates&lt;double, 1&gt; &gt;, double&gt;" status="run" time="136.085" classname="hyperbolic_FV_discretization_godunov_order1_euler/0">
      <failure message="/root/src/dune-xt-common/dune/xt/common/test/common.cxx:101&#x0A;Value of: actual_exponent&#x0A;  Actual: -1&#x0A;Expected: expected_exponent&#x0A;Which is: -2&#x0A;          Exponent comparison (in scientific notation, precision 2) failed for&#x0A;          norm: L1&#x0A;          actual_results[0]   = 0.2626953472635124&#x0A;          expected_results[0] = 0.070699999999999999" type=""><![CDATA[/root/src/dune-xt-common/dune/xt/common/test/common.cxx:101
Value of: actual_exponent
  Actual: -1
Expected: expected_exponent
Which is: -2
          Exponent comparison (in scientific notation, precision 2) failed for
          norm: L1
          actual_results[0]   = 0.2626953472635124
          expected_results[0] = 0.070699999999999999]]></failure>
    </testcase>
  </testsuite>
  <testsuite name="hyperbolic_FV_discretization_godunov_order1_euler/1" tests="1" failures="1" disabled="0" errors="0" time="1.439">
    <testcase name="eoc_study_using_yaspgrid" type_param="Dune::GDT::Hyperbolic::TransportTestCase&lt;Dune::YaspGrid&lt;1, Dune::EquidistantOffsetCoordinates&lt;double, 1&gt; &gt;, double, 1ul&gt;" status="run" time="1.439" classname="hyperbolic_FV_discretization_godunov_order1_euler/1">
      <failure message="/root/src/dune-xt-common/dune/xt/common/test/common.cxx:101&#x0A;Value of: actual_exponent&#x0A;  Actual: -1&#x0A;Expected: expected_exponent&#x0A;Which is: -2&#x0A;          Exponent comparison (in scientific notation, precision 2) failed for&#x0A;          norm: L1&#x0A;          actual_results[0]   = 0.3250104462288908&#x0A;          expected_results[0] = 0.047500000000000001" type=""><![CDATA[/root/src/dune-xt-common/dune/xt/common/test/common.cxx:101
Value of: actual_exponent
  Actual: -1
Expected: expected_exponent
Which is: -2
          Exponent comparison (in scientific notation, precision 2) failed for
          norm: L1
          actual_results[0]   = 0.3250104462288908
          expected_results[0] = 0.047500000000000001]]></failure>
    </testcase>
  </testsuite>
</testsuites>
