<?xml version="1.0" encoding="UTF-8"?>
<testsuites tests="4" failures="4" disabled="0" errors="0" timestamp="2018-05-02T18:09:39" time="369.041" name="AllTests">
  <testsuite name="hyperbolic_FV_discretization_godunov_adaptiveRK/0" tests="1" failures="1" disabled="0" errors="0" time="20.3">
    <testcase name="eoc_study_using_yaspgrid" type_param="Dune::GDT::Hyperbolic::BurgersTestCase&lt;Dune::YaspGrid&lt;1, Dune::EquidistantOffsetCoordinates&lt;double, 1&gt; &gt;, double, 1ul&gt;" status="run" time="20.3" classname="hyperbolic_FV_discretization_godunov_adaptiveRK/0">
      <failure message="/root/src/dune-xt-common/dune/xt/common/test/common.cxx:110&#x0A;Value of: actual_coefficient&#x0A;  Actual: 869&#x0A;Expected: expected_coefficient&#x0A;Which is: 133&#x0A;          Coefficient comparison (in scientific notation, precision 2) failed for&#x0A;          norm: L1&#x0A;          actual_results[0]   = 0.086932476835503925&#x0A;          expected_results[0] = 0.013299999999999999" type=""><![CDATA[/root/src/dune-xt-common/dune/xt/common/test/common.cxx:110
Value of: actual_coefficient
  Actual: 869
Expected: expected_coefficient
Which is: 133
          Coefficient comparison (in scientific notation, precision 2) failed for
          norm: L1
          actual_results[0]   = 0.086932476835503925
          expected_results[0] = 0.013299999999999999]]></failure>
      <failure message="/root/src/dune-xt-common/dune/xt/common/test/common.cxx:101&#x0A;Value of: actual_exponent&#x0A;  Actual: -2&#x0A;Expected: expected_exponent&#x0A;Which is: -3&#x0A;          Exponent comparison (in scientific notation, precision 2) failed for&#x0A;          norm: L1&#x0A;          actual_results[1]   = 0.037383941293215379&#x0A;          expected_results[1] = 0.0063299999999999997" type=""><![CDATA[/root/src/dune-xt-common/dune/xt/common/test/common.cxx:101
Value of: actual_exponent
  Actual: -2
Expected: expected_exponent
Which is: -3
          Exponent comparison (in scientific notation, precision 2) failed for
          norm: L1
          actual_results[1]   = 0.037383941293215379
          expected_results[1] = 0.0063299999999999997]]></failure>
    </testcase>
  </testsuite>
  <testsuite name="hyperbolic_FV_discretization_godunov_adaptiveRK/1" tests="1" failures="1" disabled="0" errors="0" time="26.445">
    <testcase name="eoc_study_using_yaspgrid" type_param="Dune::GDT::Hyperbolic::ShockTubeTestCase&lt;Dune::YaspGrid&lt;1, Dune::EquidistantOffsetCoordinates&lt;double, 1&gt; &gt;, double&gt;" status="run" time="26.443" classname="hyperbolic_FV_discretization_godunov_adaptiveRK/1">
      <failure message="/root/src/dune-xt-common/dune/xt/common/test/common.cxx:101&#x0A;Value of: actual_exponent&#x0A;  Actual: -2&#x0A;Expected: expected_exponent&#x0A;Which is: -3&#x0A;          Exponent comparison (in scientific notation, precision 2) failed for&#x0A;          norm: L1&#x0A;          actual_results[0]   = 0.070068866330329646&#x0A;          expected_results[0] = 0.0066800000000000002" type=""><![CDATA[/root/src/dune-xt-common/dune/xt/common/test/common.cxx:101
Value of: actual_exponent
  Actual: -2
Expected: expected_exponent
Which is: -3
          Exponent comparison (in scientific notation, precision 2) failed for
          norm: L1
          actual_results[0]   = 0.070068866330329646
          expected_results[0] = 0.0066800000000000002]]></failure>
    </testcase>
  </testsuite>
  <testsuite name="hyperbolic_FV_discretization_godunov_adaptiveRK/2" tests="1" failures="1" disabled="0" errors="0" time="3.649">
    <testcase name="eoc_study_using_yaspgrid" type_param="Dune::GDT::Hyperbolic::TransportTestCase&lt;Dune::YaspGrid&lt;1, Dune::EquidistantOffsetCoordinates&lt;double, 1&gt; &gt;, double, 1ul&gt;" status="run" time="3.649" classname="hyperbolic_FV_discretization_godunov_adaptiveRK/2">
      <failure message="/root/src/dune-xt-common/dune/xt/common/test/common.cxx:101&#x0A;Value of: actual_exponent&#x0A;  Actual: -1&#x0A;Expected: expected_exponent&#x0A;Which is: -2&#x0A;          Exponent comparison (in scientific notation, precision 2) failed for&#x0A;          norm: L1&#x0A;          actual_results[0]   = 0.34489191705567412&#x0A;          expected_results[0] = 0.050299999999999997" type=""><![CDATA[/root/src/dune-xt-common/dune/xt/common/test/common.cxx:101
Value of: actual_exponent
  Actual: -1
Expected: expected_exponent
Which is: -2
          Exponent comparison (in scientific notation, precision 2) failed for
          norm: L1
          actual_results[0]   = 0.34489191705567412
          expected_results[0] = 0.050299999999999997]]></failure>
    </testcase>
  </testsuite>
  <testsuite name="hyperbolic_FV_discretization_godunov_adaptiveRK/3" tests="1" failures="1" disabled="0" errors="0" time="318.644">
    <testcase name="eoc_study_using_yaspgrid" type_param="Dune::GDT::Hyperbolic::TransportTestCase&lt;Dune::YaspGrid&lt;2, Dune::EquidistantOffsetCoordinates&lt;double, 2&gt; &gt;, double, 1ul&gt;" status="run" time="318.644" classname="hyperbolic_FV_discretization_godunov_adaptiveRK/3">
      <failure message="/root/src/dune-xt-common/dune/xt/common/test/common.cxx:110&#x0A;Value of: actual_coefficient&#x0A;  Actual: 884&#x0A;Expected: expected_coefficient&#x0A;Which is: 123&#x0A;          Coefficient comparison (in scientific notation, precision 2) failed for&#x0A;          norm: L1&#x0A;          actual_results[0]   = 0.088449914866101417&#x0A;          expected_results[0] = 0.0123" type=""><![CDATA[/root/src/dune-xt-common/dune/xt/common/test/common.cxx:110
Value of: actual_coefficient
  Actual: 884
Expected: expected_coefficient
Which is: 123
          Coefficient comparison (in scientific notation, precision 2) failed for
          norm: L1
          actual_results[0]   = 0.088449914866101417
          expected_results[0] = 0.0123]]></failure>
      <failure message="/root/src/dune-xt-common/dune/xt/common/test/common.cxx:110&#x0A;Value of: actual_coefficient&#x0A;  Actual: 806&#x0A;Expected: expected_coefficient&#x0A;Which is: 106&#x0A;          Coefficient comparison (in scientific notation, precision 2) failed for&#x0A;          norm: L1&#x0A;          actual_results[1]   = 0.080633619491724359&#x0A;          expected_results[1] = 0.0106" type=""><![CDATA[/root/src/dune-xt-common/dune/xt/common/test/common.cxx:110
Value of: actual_coefficient
  Actual: 806
Expected: expected_coefficient
Which is: 106
          Coefficient comparison (in scientific notation, precision 2) failed for
          norm: L1
          actual_results[1]   = 0.080633619491724359
          expected_results[1] = 0.0106]]></failure>
    </testcase>
  </testsuite>
</testsuites>
