<?xml version="1.0" encoding="UTF-8"?>
<testsuites tests="8" failures="8" disabled="0" errors="0" timestamp="2018-05-02T18:32:11" time="772.259" name="AllTests">
  <testsuite name="hyperbolic_FV_discretization_godunov_order0_euler/0" tests="1" failures="1" disabled="0" errors="0" time="65.413">
    <testcase name="eoc_study_using_yaspgrid" type_param="Dune::GDT::Hyperbolic::SourceBeamTestCase&lt;Dune::YaspGrid&lt;1, Dune::EquidistantOffsetCoordinates&lt;double, 1&gt; &gt;, double&gt;" status="run" time="65.412" classname="hyperbolic_FV_discretization_godunov_order0_euler/0">
      <failure message="/root/src/dune-xt-common/dune/xt/common/test/common.cxx:101&#x0A;Value of: actual_exponent&#x0A;  Actual: -1&#x0A;Expected: expected_exponent&#x0A;Which is: -2&#x0A;          Exponent comparison (in scientific notation, precision 2) failed for&#x0A;          norm: L1&#x0A;          actual_results[0]   = 0.32508573615813452&#x0A;          expected_results[0] = 0.091600000000000001" type=""><![CDATA[/root/src/dune-xt-common/dune/xt/common/test/common.cxx:101
Value of: actual_exponent
  Actual: -1
Expected: expected_exponent
Which is: -2
          Exponent comparison (in scientific notation, precision 2) failed for
          norm: L1
          actual_results[0]   = 0.32508573615813452
          expected_results[0] = 0.091600000000000001]]></failure>
    </testcase>
  </testsuite>
  <testsuite name="hyperbolic_FV_discretization_godunov_order0_euler/1" tests="1" failures="1" disabled="0" errors="0" time="166.093">
    <testcase name="eoc_study_using_yaspgrid" type_param="Dune::GDT::Hyperbolic::CheckerboardTestCase&lt;Dune::YaspGrid&lt;2, Dune::EquidistantOffsetCoordinates&lt;double, 2&gt; &gt;, double, 1ul&gt;" status="run" time="166.093" classname="hyperbolic_FV_discretization_godunov_order0_euler/1">
      <failure message="/root/src/dune-xt-common/dune/xt/common/test/common.cxx:101&#x0A;Value of: actual_exponent&#x0A;  Actual: 0&#x0A;Expected: expected_exponent&#x0A;Which is: -1&#x0A;          Exponent comparison (in scientific notation, precision 2) failed for&#x0A;          norm: L1&#x0A;          actual_results[0]   = 2.273632694437083&#x0A;          expected_results[0] = 0.112" type=""><![CDATA[/root/src/dune-xt-common/dune/xt/common/test/common.cxx:101
Value of: actual_exponent
  Actual: 0
Expected: expected_exponent
Which is: -1
          Exponent comparison (in scientific notation, precision 2) failed for
          norm: L1
          actual_results[0]   = 2.273632694437083
          expected_results[0] = 0.112]]></failure>
    </testcase>
  </testsuite>
  <testsuite name="hyperbolic_FV_discretization_godunov_order0_euler/2" tests="1" failures="1" disabled="0" errors="0" time="2.187">
    <testcase name="eoc_study_using_yaspgrid" type_param="Dune::GDT::Hyperbolic::BurgersTestCase&lt;Dune::YaspGrid&lt;1, Dune::EquidistantOffsetCoordinates&lt;double, 1&gt; &gt;, double, 1ul&gt;" status="run" time="2.187" classname="hyperbolic_FV_discretization_godunov_order0_euler/2">
      <failure message="/root/src/dune-xt-common/dune/xt/common/test/common.cxx:110&#x0A;Value of: actual_coefficient&#x0A;  Actual: 901&#x0A;Expected: expected_coefficient&#x0A;Which is: 133&#x0A;          Coefficient comparison (in scientific notation, precision 2) failed for&#x0A;          norm: L1&#x0A;          actual_results[0]   = 0.090106941718458775&#x0A;          expected_results[0] = 0.013299999999999999" type=""><![CDATA[/root/src/dune-xt-common/dune/xt/common/test/common.cxx:110
Value of: actual_coefficient
  Actual: 901
Expected: expected_coefficient
Which is: 133
          Coefficient comparison (in scientific notation, precision 2) failed for
          norm: L1
          actual_results[0]   = 0.090106941718458775
          expected_results[0] = 0.013299999999999999]]></failure>
      <failure message="/root/src/dune-xt-common/dune/xt/common/test/common.cxx:101&#x0A;Value of: actual_exponent&#x0A;  Actual: -2&#x0A;Expected: expected_exponent&#x0A;Which is: -3&#x0A;          Exponent comparison (in scientific notation, precision 2) failed for&#x0A;          norm: L1&#x0A;          actual_results[1]   = 0.038792857488215995&#x0A;          expected_results[1] = 0.0063400000000000001" type=""><![CDATA[/root/src/dune-xt-common/dune/xt/common/test/common.cxx:101
Value of: actual_exponent
  Actual: -2
Expected: expected_exponent
Which is: -3
          Exponent comparison (in scientific notation, precision 2) failed for
          norm: L1
          actual_results[1]   = 0.038792857488215995
          expected_results[1] = 0.0063400000000000001]]></failure>
    </testcase>
  </testsuite>
  <testsuite name="hyperbolic_FV_discretization_godunov_order0_euler/3" tests="1" failures="1" disabled="0" errors="0" time="317.66">
    <testcase name="eoc_study_using_yaspgrid" type_param="Dune::GDT::Hyperbolic::BurgersTestCase&lt;Dune::YaspGrid&lt;2, Dune::EquidistantOffsetCoordinates&lt;double, 2&gt; &gt;, double, 1ul&gt;" status="run" time="317.66" classname="hyperbolic_FV_discretization_godunov_order0_euler/3">
      <failure message="/root/src/dune-xt-common/dune/xt/common/test/common.cxx:101&#x0A;Value of: actual_exponent&#x0A;  Actual: -3&#x0A;Expected: expected_exponent&#x0A;Which is: -4&#x0A;          Exponent comparison (in scientific notation, precision 2) failed for&#x0A;          norm: L1&#x0A;          actual_results[0]   = 0.0018296321221657052&#x0A;          expected_results[0] = 0.00036000000000000002" type=""><![CDATA[/root/src/dune-xt-common/dune/xt/common/test/common.cxx:101
Value of: actual_exponent
  Actual: -3
Expected: expected_exponent
Which is: -4
          Exponent comparison (in scientific notation, precision 2) failed for
          norm: L1
          actual_results[0]   = 0.0018296321221657052
          expected_results[0] = 0.00036000000000000002]]></failure>
    </testcase>
  </testsuite>
  <testsuite name="hyperbolic_FV_discretization_godunov_order0_euler/4" tests="1" failures="1" disabled="0" errors="0" time="3.252">
    <testcase name="eoc_study_using_yaspgrid" type_param="Dune::GDT::Hyperbolic::ShallowWaterTestCase&lt;Dune::YaspGrid&lt;1, Dune::EquidistantOffsetCoordinates&lt;double, 1&gt; &gt;, double&gt;" status="run" time="3.252" classname="hyperbolic_FV_discretization_godunov_order0_euler/4">
      <failure message="/root/src/dune-xt-common/dune/xt/common/test/common.cxx:101&#x0A;Value of: actual_exponent&#x0A;  Actual: 0&#x0A;Expected: expected_exponent&#x0A;Which is: -1&#x0A;          Exponent comparison (in scientific notation, precision 2) failed for&#x0A;          norm: L1&#x0A;          actual_results[0]   = 3.0383277982363595&#x0A;          expected_results[0] = 0.503" type=""><![CDATA[/root/src/dune-xt-common/dune/xt/common/test/common.cxx:101
Value of: actual_exponent
  Actual: 0
Expected: expected_exponent
Which is: -1
          Exponent comparison (in scientific notation, precision 2) failed for
          norm: L1
          actual_results[0]   = 3.0383277982363595
          expected_results[0] = 0.503]]></failure>
    </testcase>
  </testsuite>
  <testsuite name="hyperbolic_FV_discretization_godunov_order0_euler/5" tests="1" failures="1" disabled="0" errors="0" time="3.481">
    <testcase name="eoc_study_using_yaspgrid" type_param="Dune::GDT::Hyperbolic::ShockTubeTestCase&lt;Dune::YaspGrid&lt;1, Dune::EquidistantOffsetCoordinates&lt;double, 1&gt; &gt;, double&gt;" status="run" time="3.481" classname="hyperbolic_FV_discretization_godunov_order0_euler/5">
      <failure message="/root/src/dune-xt-common/dune/xt/common/test/common.cxx:101&#x0A;Value of: actual_exponent&#x0A;  Actual: -2&#x0A;Expected: expected_exponent&#x0A;Which is: -3&#x0A;          Exponent comparison (in scientific notation, precision 2) failed for&#x0A;          norm: L1&#x0A;          actual_results[0]   = 0.069505220731332903&#x0A;          expected_results[0] = 0.0066800000000000002" type=""><![CDATA[/root/src/dune-xt-common/dune/xt/common/test/common.cxx:101
Value of: actual_exponent
  Actual: -2
Expected: expected_exponent
Which is: -3
          Exponent comparison (in scientific notation, precision 2) failed for
          norm: L1
          actual_results[0]   = 0.069505220731332903
          expected_results[0] = 0.0066800000000000002]]></failure>
    </testcase>
  </testsuite>
  <testsuite name="hyperbolic_FV_discretization_godunov_order0_euler/6" tests="1" failures="1" disabled="0" errors="0" time="0.965">
    <testcase name="eoc_study_using_yaspgrid" type_param="Dune::GDT::Hyperbolic::TransportTestCase&lt;Dune::YaspGrid&lt;1, Dune::EquidistantOffsetCoordinates&lt;double, 1&gt; &gt;, double, 1ul&gt;" status="run" time="0.965" classname="hyperbolic_FV_discretization_godunov_order0_euler/6">
      <failure message="/root/src/dune-xt-common/dune/xt/common/test/common.cxx:101&#x0A;Value of: actual_exponent&#x0A;  Actual: -1&#x0A;Expected: expected_exponent&#x0A;Which is: -2&#x0A;          Exponent comparison (in scientific notation, precision 2) failed for&#x0A;          norm: L1&#x0A;          actual_results[0]   = 0.34263596273736691&#x0A;          expected_results[0] = 0.050200000000000002" type=""><![CDATA[/root/src/dune-xt-common/dune/xt/common/test/common.cxx:101
Value of: actual_exponent
  Actual: -1
Expected: expected_exponent
Which is: -2
          Exponent comparison (in scientific notation, precision 2) failed for
          norm: L1
          actual_results[0]   = 0.34263596273736691
          expected_results[0] = 0.050200000000000002]]></failure>
    </testcase>
  </testsuite>
  <testsuite name="hyperbolic_FV_discretization_godunov_order0_euler/7" tests="1" failures="1" disabled="0" errors="0" time="213.208">
    <testcase name="eoc_study_using_yaspgrid" type_param="Dune::GDT::Hyperbolic::TransportTestCase&lt;Dune::YaspGrid&lt;2, Dune::EquidistantOffsetCoordinates&lt;double, 2&gt; &gt;, double, 1ul&gt;" status="run" time="213.208" classname="hyperbolic_FV_discretization_godunov_order0_euler/7">
      <failure message="/root/src/dune-xt-common/dune/xt/common/test/common.cxx:110&#x0A;Value of: actual_coefficient&#x0A;  Actual: 878&#x0A;Expected: expected_coefficient&#x0A;Which is: 123&#x0A;          Coefficient comparison (in scientific notation, precision 2) failed for&#x0A;          norm: L1&#x0A;          actual_results[0]   = 0.087787869863949625&#x0A;          expected_results[0] = 0.0123" type=""><![CDATA[/root/src/dune-xt-common/dune/xt/common/test/common.cxx:110
Value of: actual_coefficient
  Actual: 878
Expected: expected_coefficient
Which is: 123
          Coefficient comparison (in scientific notation, precision 2) failed for
          norm: L1
          actual_results[0]   = 0.087787869863949625
          expected_results[0] = 0.0123]]></failure>
      <failure message="/root/src/dune-xt-common/dune/xt/common/test/common.cxx:110&#x0A;Value of: actual_coefficient&#x0A;  Actual: 769&#x0A;Expected: expected_coefficient&#x0A;Which is: 104&#x0A;          Coefficient comparison (in scientific notation, precision 2) failed for&#x0A;          norm: L1&#x0A;          actual_results[1]   = 0.076873828059348767&#x0A;          expected_results[1] = 0.0104" type=""><![CDATA[/root/src/dune-xt-common/dune/xt/common/test/common.cxx:110
Value of: actual_coefficient
  Actual: 769
Expected: expected_coefficient
Which is: 104
          Coefficient comparison (in scientific notation, precision 2) failed for
          norm: L1
          actual_results[1]   = 0.076873828059348767
          expected_results[1] = 0.0104]]></failure>
    </testcase>
  </testsuite>
</testsuites>
